  Double-Ended priority Queues.cpp
A:\Users\kalam\source\repos\Double-Ended priority Queues\Double-Ended priority Queues\Queues\SymmetricMinMaxHeap.hpp(162,2): warning C4018: '<': signed/unsigned mismatch
A:\Users\kalam\source\repos\Double-Ended priority Queues\Double-Ended priority Queues\Queues\SymmetricMinMaxHeap.hpp(159): message : while compiling class template member function 'size_t SymmetricMinMaxHeap<int>::pushMaxDown(void)'
A:\Users\kalam\source\repos\Double-Ended priority Queues\Double-Ended priority Queues\Queues\SymmetricMinMaxHeap.hpp(247): message : see reference to function template instantiation 'size_t SymmetricMinMaxHeap<int>::pushMaxDown(void)' being compiled
A:\Users\kalam\source\repos\Double-Ended priority Queues\Double-Ended priority Queues\Double-Ended priority Queues.cpp(8): message : see reference to class template instantiation 'SymmetricMinMaxHeap<int>' being compiled
A:\Users\kalam\source\repos\Double-Ended priority Queues\Double-Ended priority Queues\Queues\SymmetricMinMaxHeap.hpp(164,2): warning C4018: '<': signed/unsigned mismatch
A:\Users\kalam\source\repos\Double-Ended priority Queues\Double-Ended priority Queues\Queues\SymmetricMinMaxHeap.hpp(144,2): warning C4018: '<': signed/unsigned mismatch
A:\Users\kalam\source\repos\Double-Ended priority Queues\Double-Ended priority Queues\Queues\SymmetricMinMaxHeap.hpp(141): message : while compiling class template member function 'size_t SymmetricMinMaxHeap<int>::pushMinDown(void)'
A:\Users\kalam\source\repos\Double-Ended priority Queues\Double-Ended priority Queues\Queues\SymmetricMinMaxHeap.hpp(220): message : see reference to function template instantiation 'size_t SymmetricMinMaxHeap<int>::pushMinDown(void)' being compiled
A:\Users\kalam\source\repos\Double-Ended priority Queues\Double-Ended priority Queues\Queues\SymmetricMinMaxHeap.hpp(146,2): warning C4018: '<': signed/unsigned mismatch
A:\Users\kalam\source\repos\Double-Ended priority Queues\Double-Ended priority Queues\Queues\SymmetricMinMaxHeap.hpp(135,2): warning C4018: '<': signed/unsigned mismatch
A:\Users\kalam\source\repos\Double-Ended priority Queues\Double-Ended priority Queues\Queues\SymmetricMinMaxHeap.hpp(128): message : while compiling class template member function 'void SymmetricMinMaxHeap<int>::fixWithBrother(size_t &)'
A:\Users\kalam\source\repos\Double-Ended priority Queues\Double-Ended priority Queues\Queues\SymmetricMinMaxHeap.hpp(250): message : see reference to function template instantiation 'void SymmetricMinMaxHeap<int>::fixWithBrother(size_t &)' being compiled
A:\Users\kalam\source\repos\Double-Ended priority Queues\Double-Ended priority Queues\PrintTree.hpp(18,26): warning C4018: '<': signed/unsigned mismatch
A:\Users\kalam\source\repos\Double-Ended priority Queues\Double-Ended priority Queues\Queues\SymmetricMinMaxHeap.hpp(62): message : see reference to function template instantiation 'void print<T>(const std::vector<Element<T>,std::allocator<Element<T>>> &)' being compiled
          with
          [
              T=int
          ]
A:\Users\kalam\source\repos\Double-Ended priority Queues\Double-Ended priority Queues\Queues\SymmetricMinMaxHeap.hpp(61): message : while compiling class template member function 'void SymmetricMinMaxHeap<int>::keyDumpHelper3(void)'
A:\Users\kalam\source\repos\Double-Ended priority Queues\Double-Ended priority Queues\Queues\SymmetricMinMaxHeap.hpp(283): message : see reference to function template instantiation 'void SymmetricMinMaxHeap<int>::keyDumpHelper3(void)' being compiled
A:\Users\kalam\source\repos\Double-Ended priority Queues\Double-Ended priority Queues\PrintTree.hpp(19,31): warning C4244: '=': conversion from 'double' to 'int', possible loss of data
  QueueBase.hpp
  Generating Code...
  Double-Ended priority Queues.vcxproj -> A:\Users\kalam\source\repos\Double-Ended priority Queues\Debug\Double-Ended priority Queues.exe
